11-Sep-2019 23:06:57.937 INFO [main] org.apache.catalina.startup.VersionLoggerListener.log Server version name:   Apache Tomcat/9.0.24
11-Sep-2019 23:06:57.947 INFO [main] org.apache.catalina.startup.VersionLoggerListener.log Server built:          Aug 14 2019 21:16:42 UTC
11-Sep-2019 23:06:57.948 INFO [main] org.apache.catalina.startup.VersionLoggerListener.log Server version number: 9.0.24.0
11-Sep-2019 23:06:57.949 INFO [main] org.apache.catalina.startup.VersionLoggerListener.log OS Name:               Windows 10
11-Sep-2019 23:06:57.949 INFO [main] org.apache.catalina.startup.VersionLoggerListener.log OS Version:            10.0
11-Sep-2019 23:06:57.950 INFO [main] org.apache.catalina.startup.VersionLoggerListener.log Architecture:          amd64
11-Sep-2019 23:06:57.950 INFO [main] org.apache.catalina.startup.VersionLoggerListener.log Java Home:             C:\Program Files\Oracle\OpenJDK 11.0.1
11-Sep-2019 23:06:57.951 INFO [main] org.apache.catalina.startup.VersionLoggerListener.log JVM Version:           11.0.1+13
11-Sep-2019 23:06:57.952 INFO [main] org.apache.catalina.startup.VersionLoggerListener.log JVM Vendor:            Oracle Corporation
11-Sep-2019 23:06:57.952 INFO [main] org.apache.catalina.startup.VersionLoggerListener.log CATALINA_BASE:         D:\works\ubs_prcts\ligacyApp\apache-tomcat-9.0.24
11-Sep-2019 23:06:57.953 INFO [main] org.apache.catalina.startup.VersionLoggerListener.log CATALINA_HOME:         D:\works\ubs_prcts\ligacyApp\apache-tomcat-9.0.24
11-Sep-2019 23:06:58.277 INFO [main] org.apache.catalina.startup.VersionLoggerListener.log Command line argument: --add-opens=java.base/java.lang=ALL-UNNAMED
11-Sep-2019 23:06:58.278 INFO [main] org.apache.catalina.startup.VersionLoggerListener.log Command line argument: --add-opens=java.base/java.io=ALL-UNNAMED
11-Sep-2019 23:06:58.279 INFO [main] org.apache.catalina.startup.VersionLoggerListener.log Command line argument: --add-opens=java.rmi/sun.rmi.transport=ALL-UNNAMED
11-Sep-2019 23:06:58.280 INFO [main] org.apache.catalina.startup.VersionLoggerListener.log Command line argument: -Djava.util.logging.config.file=D:\works\ubs_prcts\ligacyApp\apache-tomcat-9.0.24\conf\logging.properties
11-Sep-2019 23:06:58.281 INFO [main] org.apache.catalina.startup.VersionLoggerListener.log Command line argument: -Djava.util.logging.manager=org.apache.juli.ClassLoaderLogManager
11-Sep-2019 23:06:58.282 INFO [main] org.apache.catalina.startup.VersionLoggerListener.log Command line argument: -Djdk.tls.ephemeralDHKeySize=2048
11-Sep-2019 23:06:58.283 INFO [main] org.apache.catalina.startup.VersionLoggerListener.log Command line argument: -Djava.protocol.handler.pkgs=org.apache.catalina.webresources
11-Sep-2019 23:06:58.284 INFO [main] org.apache.catalina.startup.VersionLoggerListener.log Command line argument: -Dignore.endorsed.dirs=
11-Sep-2019 23:06:58.285 INFO [main] org.apache.catalina.startup.VersionLoggerListener.log Command line argument: -Dcatalina.base=D:\works\ubs_prcts\ligacyApp\apache-tomcat-9.0.24
11-Sep-2019 23:06:58.286 INFO [main] org.apache.catalina.startup.VersionLoggerListener.log Command line argument: -Dcatalina.home=D:\works\ubs_prcts\ligacyApp\apache-tomcat-9.0.24
11-Sep-2019 23:06:58.287 INFO [main] org.apache.catalina.startup.VersionLoggerListener.log Command line argument: -Djava.io.tmpdir=D:\works\ubs_prcts\ligacyApp\apache-tomcat-9.0.24\temp
11-Sep-2019 23:06:58.287 INFO [main] org.apache.catalina.core.AprLifecycleListener.lifecycleEvent Loaded APR based Apache Tomcat Native library [1.2.23] using APR version [1.7.0].
11-Sep-2019 23:06:58.291 INFO [main] org.apache.catalina.core.AprLifecycleListener.lifecycleEvent APR capabilities: IPv6 [true], sendfile [true], accept filters [false], random [true].
11-Sep-2019 23:06:58.291 INFO [main] org.apache.catalina.core.AprLifecycleListener.lifecycleEvent APR/OpenSSL configuration: useAprConnector [false], useOpenSSL [true]
11-Sep-2019 23:06:58.312 INFO [main] org.apache.catalina.core.AprLifecycleListener.initializeSSL OpenSSL successfully initialized [OpenSSL 1.1.1c  28 May 2019]
11-Sep-2019 23:06:59.909 INFO [main] org.apache.coyote.AbstractProtocol.init Initializing ProtocolHandler ["http-nio-8080"]
11-Sep-2019 23:07:06.372 INFO [main] org.apache.coyote.AbstractProtocol.init Initializing ProtocolHandler ["ajp-nio-8009"]
11-Sep-2019 23:07:06.380 INFO [main] org.apache.catalina.startup.Catalina.load Server initialization in [10,601] milliseconds
11-Sep-2019 23:07:06.529 INFO [main] org.apache.catalina.core.StandardService.startInternal Starting service [Catalina]
11-Sep-2019 23:07:06.529 INFO [main] org.apache.catalina.core.StandardEngine.startInternal Starting Servlet engine: [Apache Tomcat/9.0.24]
11-Sep-2019 23:07:06.580 INFO [main] org.apache.catalina.startup.HostConfig.deployWAR Deploying web application archive [D:\works\ubs_prcts\ligacyApp\apache-tomcat-9.0.24\webapps\springmvc.war]
11-Sep-2019 23:07:13.078 INFO [main] org.apache.jasper.servlet.TldScanner.scanJars At least one JAR was scanned for TLDs yet contained no TLDs. Enable debug logging for this logger for a complete list of JARs that were scanned but no TLDs were found in them. Skipping unneeded JARs during scanning can improve startup time and JSP compilation time.
11-Sep-2019 23:08:14.664 WARNING [main] org.apache.catalina.util.SessionIdGeneratorBase.createSecureRandom Creation of SecureRandom instance for session ID generation using [SHA1PRNG] took [5,603] milliseconds.
11-Sep-2019 23:08:21.909 INFO [main] org.apache.catalina.startup.HostConfig.deployWAR Deployment of web application archive [D:\works\ubs_prcts\ligacyApp\apache-tomcat-9.0.24\webapps\springmvc.war] has finished in [75,328] ms
11-Sep-2019 23:08:21.911 INFO [main] org.apache.catalina.startup.HostConfig.deployDirectory Deploying web application directory [D:\works\ubs_prcts\ligacyApp\apache-tomcat-9.0.24\webapps\docs]
11-Sep-2019 23:08:22.012 INFO [main] org.apache.catalina.startup.HostConfig.deployDirectory Deployment of web application directory [D:\works\ubs_prcts\ligacyApp\apache-tomcat-9.0.24\webapps\docs] has finished in [100] ms
11-Sep-2019 23:08:22.013 INFO [main] org.apache.catalina.startup.HostConfig.deployDirectory Deploying web application directory [D:\works\ubs_prcts\ligacyApp\apache-tomcat-9.0.24\webapps\examples]
11-Sep-2019 23:08:23.447 INFO [main] org.apache.catalina.startup.HostConfig.deployDirectory Deployment of web application directory [D:\works\ubs_prcts\ligacyApp\apache-tomcat-9.0.24\webapps\examples] has finished in [1,433] ms
11-Sep-2019 23:08:23.449 INFO [main] org.apache.catalina.startup.HostConfig.deployDirectory Deploying web application directory [D:\works\ubs_prcts\ligacyApp\apache-tomcat-9.0.24\webapps\host-manager]
11-Sep-2019 23:08:23.565 INFO [main] org.apache.catalina.startup.HostConfig.deployDirectory Deployment of web application directory [D:\works\ubs_prcts\ligacyApp\apache-tomcat-9.0.24\webapps\host-manager] has finished in [116] ms
11-Sep-2019 23:08:23.567 INFO [main] org.apache.catalina.startup.HostConfig.deployDirectory Deploying web application directory [D:\works\ubs_prcts\ligacyApp\apache-tomcat-9.0.24\webapps\manager]
11-Sep-2019 23:08:23.693 INFO [main] org.apache.catalina.startup.HostConfig.deployDirectory Deployment of web application directory [D:\works\ubs_prcts\ligacyApp\apache-tomcat-9.0.24\webapps\manager] has finished in [126] ms
11-Sep-2019 23:08:23.694 INFO [main] org.apache.catalina.startup.HostConfig.deployDirectory Deploying web application directory [D:\works\ubs_prcts\ligacyApp\apache-tomcat-9.0.24\webapps\ROOT]
11-Sep-2019 23:08:23.798 INFO [main] org.apache.catalina.startup.HostConfig.deployDirectory Deployment of web application directory [D:\works\ubs_prcts\ligacyApp\apache-tomcat-9.0.24\webapps\ROOT] has finished in [103] ms
11-Sep-2019 23:08:23.814 INFO [main] org.apache.coyote.AbstractProtocol.start Starting ProtocolHandler ["http-nio-8080"]
11-Sep-2019 23:08:23.856 INFO [main] org.apache.coyote.AbstractProtocol.start Starting ProtocolHandler ["ajp-nio-8009"]
11-Sep-2019 23:08:23.901 INFO [main] org.apache.catalina.startup.Catalina.start Server startup in [77,519] milliseconds
11-Sep-2019 23:26:21.459 INFO [Thread-4] org.apache.coyote.AbstractProtocol.pause Pausing ProtocolHandler ["http-nio-8080"]
11-Sep-2019 23:26:27.638 INFO [Thread-4] org.apache.coyote.AbstractProtocol.pause Pausing ProtocolHandler ["ajp-nio-8009"]
11-Sep-2019 23:26:33.147 INFO [Thread-4] org.apache.catalina.core.StandardService.stopInternal Stopping service [Catalina]
11-Sep-2019 23:26:33.377 INFO [Thread-4] org.apache.coyote.AbstractProtocol.stop Stopping ProtocolHandler ["http-nio-8080"]
11-Sep-2019 23:26:33.385 INFO [Thread-4] org.apache.coyote.AbstractProtocol.stop Stopping ProtocolHandler ["ajp-nio-8009"]
11-Sep-2019 23:26:33.392 INFO [Thread-4] org.apache.coyote.AbstractProtocol.destroy Destroying ProtocolHandler ["http-nio-8080"]
11-Sep-2019 23:26:33.396 INFO [Thread-4] org.apache.coyote.AbstractProtocol.destroy Destroying ProtocolHandler ["ajp-nio-8009"]
11-Sep-2019 23:26:51.771 SEVERE [main] org.apache.catalina.startup.Catalina.stopServer Could not contact [localhost:8005] (base port [8005] and offset [0]). Tomcat may not be running.
11-Sep-2019 23:27:52.240 INFO [main] org.apache.catalina.startup.VersionLoggerListener.log Server version name:   Apache Tomcat/9.0.24
11-Sep-2019 23:27:52.249 INFO [main] org.apache.catalina.startup.VersionLoggerListener.log Server built:          Aug 14 2019 21:16:42 UTC
11-Sep-2019 23:27:52.250 INFO [main] org.apache.catalina.startup.VersionLoggerListener.log Server version number: 9.0.24.0
11-Sep-2019 23:27:52.250 INFO [main] org.apache.catalina.startup.VersionLoggerListener.log OS Name:               Windows 10
11-Sep-2019 23:27:52.251 INFO [main] org.apache.catalina.startup.VersionLoggerListener.log OS Version:            10.0
11-Sep-2019 23:27:52.251 INFO [main] org.apache.catalina.startup.VersionLoggerListener.log Architecture:          amd64
11-Sep-2019 23:27:52.252 INFO [main] org.apache.catalina.startup.VersionLoggerListener.log Java Home:             C:\Program Files\Oracle\OpenJDK 11.0.1
11-Sep-2019 23:27:52.252 INFO [main] org.apache.catalina.startup.VersionLoggerListener.log JVM Version:           11.0.1+13
11-Sep-2019 23:27:52.253 INFO [main] org.apache.catalina.startup.VersionLoggerListener.log JVM Vendor:            Oracle Corporation
11-Sep-2019 23:27:52.254 INFO [main] org.apache.catalina.startup.VersionLoggerListener.log CATALINA_BASE:         D:\works\ubs_prcts\ligacyApp\apache-tomcat-9.0.24
11-Sep-2019 23:27:52.254 INFO [main] org.apache.catalina.startup.VersionLoggerListener.log CATALINA_HOME:         D:\works\ubs_prcts\ligacyApp\apache-tomcat-9.0.24
11-Sep-2019 23:27:52.282 INFO [main] org.apache.catalina.startup.VersionLoggerListener.log Command line argument: --add-opens=java.base/java.lang=ALL-UNNAMED
11-Sep-2019 23:27:52.283 INFO [main] org.apache.catalina.startup.VersionLoggerListener.log Command line argument: --add-opens=java.base/java.io=ALL-UNNAMED
11-Sep-2019 23:27:52.284 INFO [main] org.apache.catalina.startup.VersionLoggerListener.log Command line argument: --add-opens=java.rmi/sun.rmi.transport=ALL-UNNAMED
11-Sep-2019 23:27:52.285 INFO [main] org.apache.catalina.startup.VersionLoggerListener.log Command line argument: -Djava.util.logging.config.file=D:\works\ubs_prcts\ligacyApp\apache-tomcat-9.0.24\conf\logging.properties
11-Sep-2019 23:27:52.285 INFO [main] org.apache.catalina.startup.VersionLoggerListener.log Command line argument: -Djava.util.logging.manager=org.apache.juli.ClassLoaderLogManager
11-Sep-2019 23:27:52.287 INFO [main] org.apache.catalina.startup.VersionLoggerListener.log Command line argument: -Djdk.tls.ephemeralDHKeySize=2048
11-Sep-2019 23:27:52.288 INFO [main] org.apache.catalina.startup.VersionLoggerListener.log Command line argument: -Djava.protocol.handler.pkgs=org.apache.catalina.webresources
11-Sep-2019 23:27:52.290 INFO [main] org.apache.catalina.startup.VersionLoggerListener.log Command line argument: -Dignore.endorsed.dirs=
11-Sep-2019 23:27:52.291 INFO [main] org.apache.catalina.startup.VersionLoggerListener.log Command line argument: -Dcatalina.base=D:\works\ubs_prcts\ligacyApp\apache-tomcat-9.0.24
11-Sep-2019 23:27:52.292 INFO [main] org.apache.catalina.startup.VersionLoggerListener.log Command line argument: -Dcatalina.home=D:\works\ubs_prcts\ligacyApp\apache-tomcat-9.0.24
11-Sep-2019 23:27:52.299 INFO [main] org.apache.catalina.startup.VersionLoggerListener.log Command line argument: -Djava.io.tmpdir=D:\works\ubs_prcts\ligacyApp\apache-tomcat-9.0.24\temp
11-Sep-2019 23:27:52.300 INFO [main] org.apache.catalina.core.AprLifecycleListener.lifecycleEvent Loaded APR based Apache Tomcat Native library [1.2.23] using APR version [1.7.0].
11-Sep-2019 23:27:52.301 INFO [main] org.apache.catalina.core.AprLifecycleListener.lifecycleEvent APR capabilities: IPv6 [true], sendfile [true], accept filters [false], random [true].
11-Sep-2019 23:27:52.302 INFO [main] org.apache.catalina.core.AprLifecycleListener.lifecycleEvent APR/OpenSSL configuration: useAprConnector [false], useOpenSSL [true]
11-Sep-2019 23:27:52.319 INFO [main] org.apache.catalina.core.AprLifecycleListener.initializeSSL OpenSSL successfully initialized [OpenSSL 1.1.1c  28 May 2019]
11-Sep-2019 23:27:52.972 INFO [main] org.apache.coyote.AbstractProtocol.init Initializing ProtocolHandler ["http-nio-8080"]
11-Sep-2019 23:27:58.468 INFO [main] org.apache.coyote.AbstractProtocol.init Initializing ProtocolHandler ["ajp-nio-8009"]
11-Sep-2019 23:27:58.476 INFO [main] org.apache.catalina.startup.Catalina.load Server initialization in [6,631] milliseconds
11-Sep-2019 23:27:58.683 INFO [main] org.apache.catalina.core.StandardService.startInternal Starting service [Catalina]
11-Sep-2019 23:27:58.683 INFO [main] org.apache.catalina.core.StandardEngine.startInternal Starting Servlet engine: [Apache Tomcat/9.0.24]
11-Sep-2019 23:27:58.767 INFO [main] org.apache.catalina.startup.HostConfig.deployWAR Deploying web application archive [D:\works\ubs_prcts\ligacyApp\apache-tomcat-9.0.24\webapps\springmvc.war]
11-Sep-2019 23:28:04.670 INFO [main] org.apache.jasper.servlet.TldScanner.scanJars At least one JAR was scanned for TLDs yet contained no TLDs. Enable debug logging for this logger for a complete list of JARs that were scanned but no TLDs were found in them. Skipping unneeded JARs during scanning can improve startup time and JSP compilation time.
11-Sep-2019 23:28:10.140 WARNING [main] org.apache.catalina.util.SessionIdGeneratorBase.createSecureRandom Creation of SecureRandom instance for session ID generation using [SHA1PRNG] took [5,362] milliseconds.
11-Sep-2019 23:28:15.854 INFO [main] org.apache.catalina.startup.HostConfig.deployWAR Deployment of web application archive [D:\works\ubs_prcts\ligacyApp\apache-tomcat-9.0.24\webapps\springmvc.war] has finished in [17,086] ms
11-Sep-2019 23:28:15.855 INFO [main] org.apache.catalina.startup.HostConfig.deployDirectory Deploying web application directory [D:\works\ubs_prcts\ligacyApp\apache-tomcat-9.0.24\webapps\docs]
11-Sep-2019 23:28:15.946 INFO [main] org.apache.catalina.startup.HostConfig.deployDirectory Deployment of web application directory [D:\works\ubs_prcts\ligacyApp\apache-tomcat-9.0.24\webapps\docs] has finished in [91] ms
11-Sep-2019 23:28:15.947 INFO [main] org.apache.catalina.startup.HostConfig.deployDirectory Deploying web application directory [D:\works\ubs_prcts\ligacyApp\apache-tomcat-9.0.24\webapps\examples]
11-Sep-2019 23:28:17.245 INFO [main] org.apache.catalina.startup.HostConfig.deployDirectory Deployment of web application directory [D:\works\ubs_prcts\ligacyApp\apache-tomcat-9.0.24\webapps\examples] has finished in [1,298] ms
11-Sep-2019 23:28:17.248 INFO [main] org.apache.catalina.startup.HostConfig.deployDirectory Deploying web application directory [D:\works\ubs_prcts\ligacyApp\apache-tomcat-9.0.24\webapps\host-manager]
11-Sep-2019 23:28:17.368 INFO [main] org.apache.catalina.startup.HostConfig.deployDirectory Deployment of web application directory [D:\works\ubs_prcts\ligacyApp\apache-tomcat-9.0.24\webapps\host-manager] has finished in [120] ms
11-Sep-2019 23:28:17.369 INFO [main] org.apache.catalina.startup.HostConfig.deployDirectory Deploying web application directory [D:\works\ubs_prcts\ligacyApp\apache-tomcat-9.0.24\webapps\manager]
11-Sep-2019 23:28:17.487 INFO [main] org.apache.catalina.startup.HostConfig.deployDirectory Deployment of web application directory [D:\works\ubs_prcts\ligacyApp\apache-tomcat-9.0.24\webapps\manager] has finished in [117] ms
11-Sep-2019 23:28:17.488 INFO [main] org.apache.catalina.startup.HostConfig.deployDirectory Deploying web application directory [D:\works\ubs_prcts\ligacyApp\apache-tomcat-9.0.24\webapps\ROOT]
11-Sep-2019 23:28:17.572 INFO [main] org.apache.catalina.startup.HostConfig.deployDirectory Deployment of web application directory [D:\works\ubs_prcts\ligacyApp\apache-tomcat-9.0.24\webapps\ROOT] has finished in [85] ms
11-Sep-2019 23:28:17.587 INFO [main] org.apache.coyote.AbstractProtocol.start Starting ProtocolHandler ["http-nio-8080"]
11-Sep-2019 23:28:17.622 INFO [main] org.apache.coyote.AbstractProtocol.start Starting ProtocolHandler ["ajp-nio-8009"]
11-Sep-2019 23:28:17.656 INFO [main] org.apache.catalina.startup.Catalina.start Server startup in [19,178] milliseconds
11-Sep-2019 23:30:49.369 INFO [Thread-4] org.apache.coyote.AbstractProtocol.pause Pausing ProtocolHandler ["http-nio-8080"]
11-Sep-2019 23:30:54.469 INFO [Thread-4] org.apache.coyote.AbstractProtocol.pause Pausing ProtocolHandler ["ajp-nio-8009"]
11-Sep-2019 23:30:59.584 INFO [Thread-4] org.apache.catalina.core.StandardService.stopInternal Stopping service [Catalina]
11-Sep-2019 23:30:59.710 INFO [Thread-4] org.apache.coyote.AbstractProtocol.stop Stopping ProtocolHandler ["http-nio-8080"]
11-Sep-2019 23:30:59.716 INFO [Thread-4] org.apache.coyote.AbstractProtocol.stop Stopping ProtocolHandler ["ajp-nio-8009"]
11-Sep-2019 23:30:59.725 INFO [Thread-4] org.apache.coyote.AbstractProtocol.destroy Destroying ProtocolHandler ["http-nio-8080"]
11-Sep-2019 23:30:59.728 INFO [Thread-4] org.apache.coyote.AbstractProtocol.destroy Destroying ProtocolHandler ["ajp-nio-8009"]
11-Sep-2019 23:47:36.953 INFO [main] org.apache.catalina.startup.VersionLoggerListener.log Server version name:   Apache Tomcat/9.0.24
11-Sep-2019 23:47:36.965 INFO [main] org.apache.catalina.startup.VersionLoggerListener.log Server built:          Aug 14 2019 21:16:42 UTC
11-Sep-2019 23:47:36.966 INFO [main] org.apache.catalina.startup.VersionLoggerListener.log Server version number: 9.0.24.0
11-Sep-2019 23:47:36.969 INFO [main] org.apache.catalina.startup.VersionLoggerListener.log OS Name:               Windows 10
11-Sep-2019 23:47:36.970 INFO [main] org.apache.catalina.startup.VersionLoggerListener.log OS Version:            10.0
11-Sep-2019 23:47:36.970 INFO [main] org.apache.catalina.startup.VersionLoggerListener.log Architecture:          amd64
11-Sep-2019 23:47:36.971 INFO [main] org.apache.catalina.startup.VersionLoggerListener.log Java Home:             C:\Program Files\Oracle\OpenJDK 11.0.1
11-Sep-2019 23:47:36.972 INFO [main] org.apache.catalina.startup.VersionLoggerListener.log JVM Version:           11.0.1+13
11-Sep-2019 23:47:36.972 INFO [main] org.apache.catalina.startup.VersionLoggerListener.log JVM Vendor:            Oracle Corporation
11-Sep-2019 23:47:36.973 INFO [main] org.apache.catalina.startup.VersionLoggerListener.log CATALINA_BASE:         D:\works\ubs_prcts\ligacyApp\apache-tomcat-9.0.24
11-Sep-2019 23:47:36.974 INFO [main] org.apache.catalina.startup.VersionLoggerListener.log CATALINA_HOME:         D:\works\ubs_prcts\ligacyApp\apache-tomcat-9.0.24
11-Sep-2019 23:47:37.006 INFO [main] org.apache.catalina.startup.VersionLoggerListener.log Command line argument: --add-opens=java.base/java.lang=ALL-UNNAMED
11-Sep-2019 23:47:37.007 INFO [main] org.apache.catalina.startup.VersionLoggerListener.log Command line argument: --add-opens=java.base/java.io=ALL-UNNAMED
11-Sep-2019 23:47:37.008 INFO [main] org.apache.catalina.startup.VersionLoggerListener.log Command line argument: --add-opens=java.rmi/sun.rmi.transport=ALL-UNNAMED
11-Sep-2019 23:47:37.009 INFO [main] org.apache.catalina.startup.VersionLoggerListener.log Command line argument: -Djava.util.logging.config.file=D:\works\ubs_prcts\ligacyApp\apache-tomcat-9.0.24\conf\logging.properties
11-Sep-2019 23:47:37.010 INFO [main] org.apache.catalina.startup.VersionLoggerListener.log Command line argument: -Djava.util.logging.manager=org.apache.juli.ClassLoaderLogManager
11-Sep-2019 23:47:37.012 INFO [main] org.apache.catalina.startup.VersionLoggerListener.log Command line argument: -Djdk.tls.ephemeralDHKeySize=2048
11-Sep-2019 23:47:37.013 INFO [main] org.apache.catalina.startup.VersionLoggerListener.log Command line argument: -Djava.protocol.handler.pkgs=org.apache.catalina.webresources
11-Sep-2019 23:47:37.014 INFO [main] org.apache.catalina.startup.VersionLoggerListener.log Command line argument: -Dignore.endorsed.dirs=
11-Sep-2019 23:47:37.016 INFO [main] org.apache.catalina.startup.VersionLoggerListener.log Command line argument: -Dcatalina.base=D:\works\ubs_prcts\ligacyApp\apache-tomcat-9.0.24
11-Sep-2019 23:47:37.020 INFO [main] org.apache.catalina.startup.VersionLoggerListener.log Command line argument: -Dcatalina.home=D:\works\ubs_prcts\ligacyApp\apache-tomcat-9.0.24
11-Sep-2019 23:47:37.025 INFO [main] org.apache.catalina.startup.VersionLoggerListener.log Command line argument: -Djava.io.tmpdir=D:\works\ubs_prcts\ligacyApp\apache-tomcat-9.0.24\temp
11-Sep-2019 23:47:37.027 INFO [main] org.apache.catalina.core.AprLifecycleListener.lifecycleEvent Loaded APR based Apache Tomcat Native library [1.2.23] using APR version [1.7.0].
11-Sep-2019 23:47:37.029 INFO [main] org.apache.catalina.core.AprLifecycleListener.lifecycleEvent APR capabilities: IPv6 [true], sendfile [true], accept filters [false], random [true].
11-Sep-2019 23:47:37.033 INFO [main] org.apache.catalina.core.AprLifecycleListener.lifecycleEvent APR/OpenSSL configuration: useAprConnector [false], useOpenSSL [true]
11-Sep-2019 23:47:37.052 INFO [main] org.apache.catalina.core.AprLifecycleListener.initializeSSL OpenSSL successfully initialized [OpenSSL 1.1.1c  28 May 2019]
11-Sep-2019 23:47:37.761 INFO [main] org.apache.coyote.AbstractProtocol.init Initializing ProtocolHandler ["http-nio-8080"]
11-Sep-2019 23:47:43.887 INFO [main] org.apache.coyote.AbstractProtocol.init Initializing ProtocolHandler ["ajp-nio-8009"]
11-Sep-2019 23:47:43.897 INFO [main] org.apache.catalina.startup.Catalina.load Server initialization in [7,435] milliseconds
11-Sep-2019 23:47:44.071 INFO [main] org.apache.catalina.core.StandardService.startInternal Starting service [Catalina]
11-Sep-2019 23:47:44.072 INFO [main] org.apache.catalina.core.StandardEngine.startInternal Starting Servlet engine: [Apache Tomcat/9.0.24]
11-Sep-2019 23:47:44.182 INFO [main] org.apache.catalina.startup.HostConfig.deployWAR Deploying web application archive [D:\works\ubs_prcts\ligacyApp\apache-tomcat-9.0.24\webapps\springmvc.war]
11-Sep-2019 23:47:50.717 INFO [main] org.apache.jasper.servlet.TldScanner.scanJars At least one JAR was scanned for TLDs yet contained no TLDs. Enable debug logging for this logger for a complete list of JARs that were scanned but no TLDs were found in them. Skipping unneeded JARs during scanning can improve startup time and JSP compilation time.
11-Sep-2019 23:47:56.098 WARNING [main] org.apache.catalina.util.SessionIdGeneratorBase.createSecureRandom Creation of SecureRandom instance for session ID generation using [SHA1PRNG] took [5,291] milliseconds.
11-Sep-2019 23:48:06.085 INFO [main] org.apache.catalina.startup.HostConfig.deployWAR Deployment of web application archive [D:\works\ubs_prcts\ligacyApp\apache-tomcat-9.0.24\webapps\springmvc.war] has finished in [21,904] ms
11-Sep-2019 23:48:06.087 INFO [main] org.apache.catalina.startup.HostConfig.deployDirectory Deploying web application directory [D:\works\ubs_prcts\ligacyApp\apache-tomcat-9.0.24\webapps\docs]
11-Sep-2019 23:48:06.163 INFO [main] org.apache.catalina.startup.HostConfig.deployDirectory Deployment of web application directory [D:\works\ubs_prcts\ligacyApp\apache-tomcat-9.0.24\webapps\docs] has finished in [76] ms
11-Sep-2019 23:48:06.164 INFO [main] org.apache.catalina.startup.HostConfig.deployDirectory Deploying web application directory [D:\works\ubs_prcts\ligacyApp\apache-tomcat-9.0.24\webapps\examples]
11-Sep-2019 23:48:07.746 INFO [main] org.apache.catalina.startup.HostConfig.deployDirectory Deployment of web application directory [D:\works\ubs_prcts\ligacyApp\apache-tomcat-9.0.24\webapps\examples] has finished in [1,582] ms
11-Sep-2019 23:48:07.748 INFO [main] org.apache.catalina.startup.HostConfig.deployDirectory Deploying web application directory [D:\works\ubs_prcts\ligacyApp\apache-tomcat-9.0.24\webapps\host-manager]
11-Sep-2019 23:48:07.878 INFO [main] org.apache.catalina.startup.HostConfig.deployDirectory Deployment of web application directory [D:\works\ubs_prcts\ligacyApp\apache-tomcat-9.0.24\webapps\host-manager] has finished in [131] ms
11-Sep-2019 23:48:07.880 INFO [main] org.apache.catalina.startup.HostConfig.deployDirectory Deploying web application directory [D:\works\ubs_prcts\ligacyApp\apache-tomcat-9.0.24\webapps\manager]
11-Sep-2019 23:48:07.992 INFO [main] org.apache.catalina.startup.HostConfig.deployDirectory Deployment of web application directory [D:\works\ubs_prcts\ligacyApp\apache-tomcat-9.0.24\webapps\manager] has finished in [113] ms
11-Sep-2019 23:48:07.994 INFO [main] org.apache.catalina.startup.HostConfig.deployDirectory Deploying web application directory [D:\works\ubs_prcts\ligacyApp\apache-tomcat-9.0.24\webapps\ROOT]
11-Sep-2019 23:48:08.086 INFO [main] org.apache.catalina.startup.HostConfig.deployDirectory Deployment of web application directory [D:\works\ubs_prcts\ligacyApp\apache-tomcat-9.0.24\webapps\ROOT] has finished in [91] ms
11-Sep-2019 23:48:08.101 INFO [main] org.apache.coyote.AbstractProtocol.start Starting ProtocolHandler ["http-nio-8080"]
11-Sep-2019 23:48:08.157 INFO [main] org.apache.coyote.AbstractProtocol.start Starting ProtocolHandler ["ajp-nio-8009"]
11-Sep-2019 23:48:08.193 INFO [main] org.apache.catalina.startup.Catalina.start Server startup in [24,294] milliseconds
11-Sep-2019 23:48:51.474 INFO [Thread-4] org.apache.coyote.AbstractProtocol.pause Pausing ProtocolHandler ["http-nio-8080"]
11-Sep-2019 23:48:56.526 INFO [Thread-4] org.apache.coyote.AbstractProtocol.pause Pausing ProtocolHandler ["ajp-nio-8009"]
11-Sep-2019 23:49:01.546 INFO [Thread-4] org.apache.catalina.core.StandardService.stopInternal Stopping service [Catalina]
11-Sep-2019 23:49:01.838 INFO [Thread-4] org.apache.coyote.AbstractProtocol.stop Stopping ProtocolHandler ["http-nio-8080"]
11-Sep-2019 23:49:01.847 INFO [Thread-4] org.apache.coyote.AbstractProtocol.stop Stopping ProtocolHandler ["ajp-nio-8009"]
11-Sep-2019 23:49:01.855 INFO [Thread-4] org.apache.coyote.AbstractProtocol.destroy Destroying ProtocolHandler ["http-nio-8080"]
11-Sep-2019 23:49:01.859 INFO [Thread-4] org.apache.coyote.AbstractProtocol.destroy Destroying ProtocolHandler ["ajp-nio-8009"]
